Using pre-set license
Built from '2020.3/release' branch; Version is '2020.3.1f1 (77a89f25062f) revision 7841951'; Using compiler version '192528614'; Build Type 'Release'
OS: 'Windows 10 Home; OS build 19041.867; Version 2004; 64bit' Language: 'en' Physical Memory: 32697 MB
BatchMode: 1, IsHumanControllingUs: 0, StartBugReporterOnCrash: 0, Is64bit: 1, IsPro: 0

 COMMAND LINE ARGUMENTS:
C:\Program Files\Unity\2020.3.1f1\Editor\Unity.exe
-adb2
-batchMode
-noUpm
-name
AssetImportWorker0
-projectPath
C:/github/X-1/AndroSynX-1
-logFile
Logs/AssetImportWorker0.log
-srvPort
55983
Successfully changed project path to: C:/github/X-1/AndroSynX-1
C:/github/X-1/AndroSynX-1
Using Asset Import Pipeline V2.
Refreshing native plugins compatible for Editor in 38.91 ms, found 1 plugins.
Preloading 0 native plugins for Editor in 0.00 ms.
Initialize engine version: 2020.3.1f1 (77a89f25062f)
[Subsystems] Discovering subsystems at path C:/Program Files/Unity/2020.3.1f1/Editor/Data/Resources/UnitySubsystems
[Subsystems] Discovering subsystems at path C:/github/X-1/AndroSynX-1/Assets
GfxDevice: creating device client; threaded=0
Direct3D:
    Version:  Direct3D 11.0 [level 11.1]
    Renderer: NVIDIA GeForce RTX 2070 (ID=0x1f02)
    Vendor:   
    VRAM:     8031 MB
    Driver:   27.21.14.6140
Initialize mono
Mono path[0] = 'C:/Program Files/Unity/2020.3.1f1/Editor/Data/Managed'
Mono path[1] = 'C:/Program Files/Unity/2020.3.1f1/Editor/Data/MonoBleedingEdge/lib/mono/unityjit'
Mono config path = 'C:/Program Files/Unity/2020.3.1f1/Editor/Data/MonoBleedingEdge/etc'
Using monoOptions --debugger-agent=transport=dt_socket,embedding=1,server=y,suspend=n,address=127.0.0.1:56536
Begin MonoManager ReloadAssembly
Registering precompiled unity dll's ...
Register platform support module: C:/Program Files/Unity/2020.3.1f1/Editor/Data/PlaybackEngines/WindowsStandaloneSupport/UnityEditor.WindowsStandalone.Extensions.dll
Registered in 0.001565 seconds.
Native extension for WindowsStandalone target not found
Refreshing native plugins compatible for Editor in 34.94 ms, found 1 plugins.
Preloading 0 native plugins for Editor in 0.00 ms.
Invoked RoslynAnalysisRunner static constructor.
RoslynAnalysisRunner will not be running.
RoslynAnalysisRunner has terminated.
Mono: successfully reloaded assembly
- Completed reload, in  0.993 seconds
Platform modules already initialized, skipping
Registering precompiled user dll's ...
Registered in 0.002640 seconds.
Begin MonoManager ReloadAssembly
Native extension for WindowsStandalone target not found
Refreshing native plugins compatible for Editor in 44.99 ms, found 1 plugins.
Preloading 0 native plugins for Editor in 0.00 ms.
Invoked RoslynAnalysisRunner static constructor.
RoslynAnalysisRunner will not be running.
RoslynAnalysisRunner has terminated.
Mono: successfully reloaded assembly
- Completed reload, in  0.904 seconds
Platform modules already initialized, skipping
========================================================================
Worker process is ready to serve import requests
Launched and connected shader compiler UnityShaderCompiler.exe after 0.04 seconds
Refreshing native plugins compatible for Editor in 0.72 ms, found 1 plugins.
Preloading 0 native plugins for Editor in 0.00 ms.
Unloading 1682 Unused Serialized files (Serialized files now loaded: 0)
System memory in use before: 82.4 MB.
System memory in use after: 82.5 MB.

Unloading 25 unused Assets to reduce memory usage. Loaded Objects now: 2124.
Total: 2.051700 ms (FindLiveObjects: 0.285200 ms CreateObjectMapping: 0.046700 ms MarkObjects: 1.642800 ms  DeleteObjects: 0.076000 ms)

========================================================================
Received Import Request.
  path: Assets/placeholders.png
  artifactKey: Guid(595299627bf765a49880c1d18f14dc71) Importer(815301076,1909f56bfc062723c751e8b465ee728b)
Start importing Assets/placeholders.png using Guid(595299627bf765a49880c1d18f14dc71) Importer(815301076,1909f56bfc062723c751e8b465ee728b)  -> (artifact id: '72e16524f74cee893a5906ee977e19ee') in 0.114946 seconds
  Import took 0.118166 seconds .

========================================================================
Received Import Request.
  Time since last request: 0.000258 seconds.
  path: Assets/PixelSnapMaterial.mat
  artifactKey: Guid(275f1497200ef6a4a808b77c661c094f) Importer(815301076,1909f56bfc062723c751e8b465ee728b)
Start importing Assets/PixelSnapMaterial.mat using Guid(275f1497200ef6a4a808b77c661c094f) Importer(815301076,1909f56bfc062723c751e8b465ee728b)  -> (artifact id: '879871c8319d5b3edc883cd9a142f114') in 0.076993 seconds
  Import took 0.079605 seconds .

========================================================================
Received Prepare
Registering precompiled user dll's ...
Registered in 0.004203 seconds.
Begin MonoManager ReloadAssembly
Native extension for WindowsStandalone target not found
Refreshing native plugins compatible for Editor in 0.46 ms, found 1 plugins.
Preloading 0 native plugins for Editor in 0.00 ms.
Invoked RoslynAnalysisRunner static constructor.
RoslynAnalysisRunner will not be running.
RoslynAnalysisRunner has terminated.
Mono: successfully reloaded assembly
- Completed reload, in  0.737 seconds
Platform modules already initialized, skipping
Refreshing native plugins compatible for Editor in 0.45 ms, found 1 plugins.
Preloading 0 native plugins for Editor in 0.00 ms.
Unloading 1662 Unused Serialized files (Serialized files now loaded: 0)
System memory in use before: 84.5 MB.
System memory in use after: 84.6 MB.

Unloading 14 unused Assets to reduce memory usage. Loaded Objects now: 2189.
Total: 1.879900 ms (FindLiveObjects: 0.294000 ms CreateObjectMapping: 0.043700 ms MarkObjects: 1.521500 ms  DeleteObjects: 0.019100 ms)

========================================================================
Received Import Request.
  Time since last request: 43.418761 seconds.
  path: Assets/Scenes/TestStarbase.unity
  artifactKey: Guid(261e8299f983b9a428e5c5b2cb5988f2) Importer(815301076,1909f56bfc062723c751e8b465ee728b)
Start importing Assets/Scenes/TestStarbase.unity using Guid(261e8299f983b9a428e5c5b2cb5988f2) Importer(815301076,1909f56bfc062723c751e8b465ee728b)  -> (artifact id: '6e35c87d17ac686f879dc34abe7cf3fe') in 0.016897 seconds
  Import took 0.019904 seconds .

========================================================================
Received Prepare
Registering precompiled user dll's ...
Registered in 0.002513 seconds.
Begin MonoManager ReloadAssembly
Native extension for WindowsStandalone target not found
Refreshing native plugins compatible for Editor in 0.51 ms, found 1 plugins.
Preloading 0 native plugins for Editor in 0.00 ms.
Invoked RoslynAnalysisRunner static constructor.
RoslynAnalysisRunner will not be running.
RoslynAnalysisRunner has terminated.
Mono: successfully reloaded assembly
- Completed reload, in  0.754 seconds
Platform modules already initialized, skipping
Refreshing native plugins compatible for Editor in 0.50 ms, found 1 plugins.
Preloading 0 native plugins for Editor in 0.00 ms.
Unloading 1655 Unused Serialized files (Serialized files now loaded: 0)
System memory in use before: 84.4 MB.
System memory in use after: 84.5 MB.

Unloading 14 unused Assets to reduce memory usage. Loaded Objects now: 2193.
Total: 2.080800 ms (FindLiveObjects: 0.342400 ms CreateObjectMapping: 0.051300 ms MarkObjects: 1.664000 ms  DeleteObjects: 0.022000 ms)

========================================================================
Received Prepare
Registering precompiled user dll's ...
Registered in 0.003046 seconds.
Begin MonoManager ReloadAssembly
Native extension for WindowsStandalone target not found
Refreshing native plugins compatible for Editor in 0.43 ms, found 1 plugins.
Preloading 0 native plugins for Editor in 0.00 ms.
Invoked RoslynAnalysisRunner static constructor.
RoslynAnalysisRunner will not be running.
RoslynAnalysisRunner has terminated.
Mono: successfully reloaded assembly
- Completed reload, in  0.717 seconds
Platform modules already initialized, skipping
Refreshing native plugins compatible for Editor in 0.39 ms, found 1 plugins.
Preloading 0 native plugins for Editor in 0.00 ms.
Unloading 1619 Unused Serialized files (Serialized files now loaded: 0)
System memory in use before: 83.7 MB.
System memory in use after: 83.8 MB.

Unloading 13 unused Assets to reduce memory usage. Loaded Objects now: 2196.
Total: 1.765200 ms (FindLiveObjects: 0.220500 ms CreateObjectMapping: 0.040900 ms MarkObjects: 1.486900 ms  DeleteObjects: 0.016000 ms)

========================================================================
Received Import Request.
  Time since last request: 1522.766944 seconds.
  path: Assets/Scripts/ElevatorDoor.cs
  artifactKey: Guid(c0240bcf31be5e74f90bcf74c0845797) Importer(815301076,1909f56bfc062723c751e8b465ee728b)
Start importing Assets/Scripts/ElevatorDoor.cs using Guid(c0240bcf31be5e74f90bcf74c0845797) Importer(815301076,1909f56bfc062723c751e8b465ee728b)  -> (artifact id: '45d4027ad3739c505c95c44e270d577a') in 0.011108 seconds
  Import took 0.014085 seconds .

========================================================================
Received Prepare
Registering precompiled user dll's ...
Registered in 0.002773 seconds.
Begin MonoManager ReloadAssembly
Native extension for WindowsStandalone target not found
Refreshing native plugins compatible for Editor in 0.70 ms, found 1 plugins.
Preloading 0 native plugins for Editor in 0.00 ms.
Invoked RoslynAnalysisRunner static constructor.
RoslynAnalysisRunner will not be running.
RoslynAnalysisRunner has terminated.
Mono: successfully reloaded assembly
- Completed reload, in  1.072 seconds
Platform modules already initialized, skipping
Refreshing native plugins compatible for Editor in 0.49 ms, found 1 plugins.
Preloading 0 native plugins for Editor in 0.00 ms.
Unloading 1655 Unused Serialized files (Serialized files now loaded: 0)
System memory in use before: 84.5 MB.
System memory in use after: 84.6 MB.

Unloading 14 unused Assets to reduce memory usage. Loaded Objects now: 2200.
Total: 2.194600 ms (FindLiveObjects: 0.273000 ms CreateObjectMapping: 0.057800 ms MarkObjects: 1.844500 ms  DeleteObjects: 0.018100 ms)

========================================================================
Received Import Request.
  Time since last request: 1398.437947 seconds.
  path: Assets/Scripts/SlidingDoor.cs
  artifactKey: Guid(bbe34f84aab41e143bd9159dec8280f0) Importer(815301076,1909f56bfc062723c751e8b465ee728b)
Start importing Assets/Scripts/SlidingDoor.cs using Guid(bbe34f84aab41e143bd9159dec8280f0) Importer(815301076,1909f56bfc062723c751e8b465ee728b)  -> (artifact id: 'a5b19e6ceab5c51406ea43543d5a714e') in 0.009179 seconds
  Import took 0.012403 seconds .

========================================================================
Received Import Request.
  Time since last request: 188.017951 seconds.
  path: Packages/com.unity.ide.visualstudio
  artifactKey: Guid(9db636ca49aa246019dd93b7c8b689f4) Importer(815301076,1909f56bfc062723c751e8b465ee728b)
Start importing Packages/com.unity.ide.visualstudio using Guid(9db636ca49aa246019dd93b7c8b689f4) Importer(815301076,1909f56bfc062723c751e8b465ee728b)  -> (artifact id: 'c999ed76f6b6009d7d21b3a6b724a860') in 0.006350 seconds
  Import took 0.009178 seconds .

========================================================================
Received Import Request.
  Time since last request: 0.000267 seconds.
  path: Packages/com.unity.ide.visualstudio
  artifactKey: Guid(9db636ca49aa246019dd93b7c8b689f4) Importer(815301076,1909f56bfc062723c751e8b465ee728b)
Start importing Packages/com.unity.ide.visualstudio using Guid(9db636ca49aa246019dd93b7c8b689f4) Importer(815301076,1909f56bfc062723c751e8b465ee728b)  -> (artifact id: 'c999ed76f6b6009d7d21b3a6b724a860') in 0.002878 seconds
  Import took 0.006229 seconds .

========================================================================
Received Import Request.
  Time since last request: 1.878957 seconds.
  path: Packages/com.unity.ide.visualstudio/Editor
  artifactKey: Guid(4a707af59e3522d43afe34dfc4429b86) Importer(815301076,1909f56bfc062723c751e8b465ee728b)
Start importing Packages/com.unity.ide.visualstudio/Editor using Guid(4a707af59e3522d43afe34dfc4429b86) Importer(815301076,1909f56bfc062723c751e8b465ee728b)  -> (artifact id: '125568238cd0c92079d8f40231c834ad') in 0.007692 seconds
  Import took 0.010938 seconds .

========================================================================
Received Import Request.
  Time since last request: 2.431709 seconds.
  path: Packages/com.unity.ide.visualstudio/Editor/COMIntegration
  artifactKey: Guid(36422aa067e092e45b9820da2ee3e728) Importer(815301076,1909f56bfc062723c751e8b465ee728b)
Start importing Packages/com.unity.ide.visualstudio/Editor/COMIntegration using Guid(36422aa067e092e45b9820da2ee3e728) Importer(815301076,1909f56bfc062723c751e8b465ee728b)  -> (artifact id: '7c44c7cdc3d9ddae4538994725c07d7c') in 0.006973 seconds
  Import took 0.009841 seconds .

========================================================================
Received Prepare
Registering precompiled user dll's ...
Registered in 0.002624 seconds.
Begin MonoManager ReloadAssembly
Native extension for WindowsStandalone target not found
Refreshing native plugins compatible for Editor in 0.44 ms, found 1 plugins.
Preloading 0 native plugins for Editor in 0.00 ms.
Invoked RoslynAnalysisRunner static constructor.
RoslynAnalysisRunner will not be running.
RoslynAnalysisRunner has terminated.
Mono: successfully reloaded assembly
- Completed reload, in  0.724 seconds
Platform modules already initialized, skipping
Refreshing native plugins compatible for Editor in 0.42 ms, found 1 plugins.
Preloading 0 native plugins for Editor in 0.00 ms.
Unloading 1662 Unused Serialized files (Serialized files now loaded: 0)
System memory in use before: 84.6 MB.
System memory in use after: 84.7 MB.

Unloading 14 unused Assets to reduce memory usage. Loaded Objects now: 2204.
Total: 1.966200 ms (FindLiveObjects: 0.253800 ms CreateObjectMapping: 0.043800 ms MarkObjects: 1.646000 ms  DeleteObjects: 0.021700 ms)

========================================================================
Received Import Request.
  Time since last request: 30.672114 seconds.
  path: Packages/com.unity.ide.visualstudio/Editor/AssemblyInfo.cs
  artifactKey: Guid(d791d407901442e49862d3aa783ce8af) Importer(815301076,1909f56bfc062723c751e8b465ee728b)
Start importing Packages/com.unity.ide.visualstudio/Editor/AssemblyInfo.cs using Guid(d791d407901442e49862d3aa783ce8af) Importer(815301076,1909f56bfc062723c751e8b465ee728b)  -> (artifact id: '2bf6011da03142a41092a43f6a495aaf') in 0.008807 seconds
  Import took 0.011864 seconds .

========================================================================
Received Import Request.
  Time since last request: 4.046722 seconds.
  path: Packages/com.unity.ide.visualstudio/Editor/com.unity.ide.visualstudio.asmdef
  artifactKey: Guid(b93f844d45cfcc44fa2b0eed5c9ec6bb) Importer(815301076,1909f56bfc062723c751e8b465ee728b)
Start importing Packages/com.unity.ide.visualstudio/Editor/com.unity.ide.visualstudio.asmdef using Guid(b93f844d45cfcc44fa2b0eed5c9ec6bb) Importer(815301076,1909f56bfc062723c751e8b465ee728b)  -> (artifact id: '24abc2af0ded9d73a32478cdae97898b') in 0.004480 seconds
  Import took 0.007236 seconds .

========================================================================
Received Import Request.
  Time since last request: 0.018287 seconds.
  path: Packages/com.unity.ide.visualstudio/Editor/com.unity.ide.visualstudio.asmdef
  artifactKey: Guid(b93f844d45cfcc44fa2b0eed5c9ec6bb) Importer(815301076,1909f56bfc062723c751e8b465ee728b)
Start importing Packages/com.unity.ide.visualstudio/Editor/com.unity.ide.visualstudio.asmdef using Guid(b93f844d45cfcc44fa2b0eed5c9ec6bb) Importer(815301076,1909f56bfc062723c751e8b465ee728b)  -> (artifact id: '24abc2af0ded9d73a32478cdae97898b') in 0.002535 seconds
  Import took 0.005182 seconds .

========================================================================
Received Import Request.
  Time since last request: 1.507093 seconds.
  path: Packages/com.unity.ide.visualstudio/Editor/Discovery.cs
  artifactKey: Guid(abe003ac6fee32e4892100a78f555011) Importer(815301076,1909f56bfc062723c751e8b465ee728b)
Start importing Packages/com.unity.ide.visualstudio/Editor/Discovery.cs using Guid(abe003ac6fee32e4892100a78f555011) Importer(815301076,1909f56bfc062723c751e8b465ee728b)  -> (artifact id: 'fc16e37cf94f62d5ab82e757448fe1f7') in 0.007019 seconds
  Import took 0.010141 seconds .

========================================================================
Received Import Request.
  Time since last request: 134.413892 seconds.
  path: Packages/com.unity.ide.visualstudio/Editor/FileUtility.cs
  artifactKey: Guid(6f1dc05fb6e7d3e4f89ae9ca482735be) Importer(815301076,1909f56bfc062723c751e8b465ee728b)
Start importing Packages/com.unity.ide.visualstudio/Editor/FileUtility.cs using Guid(6f1dc05fb6e7d3e4f89ae9ca482735be) Importer(815301076,1909f56bfc062723c751e8b465ee728b)  -> (artifact id: '5fabdb85c8321e7bc9242ab82c211576') in 0.006545 seconds
  Import took 0.009789 seconds .

========================================================================
Received Import Request.
  Time since last request: 81.700725 seconds.
  path: Packages/com.unity.ide.visualstudio/Editor/Image.cs
  artifactKey: Guid(8e6c7ea7c059fb547b6723aaf225900b) Importer(815301076,1909f56bfc062723c751e8b465ee728b)
Start importing Packages/com.unity.ide.visualstudio/Editor/Image.cs using Guid(8e6c7ea7c059fb547b6723aaf225900b) Importer(815301076,1909f56bfc062723c751e8b465ee728b)  -> (artifact id: 'fb38ccf30aca0b0de3f25c4a8b17935d') in 0.005940 seconds
  Import took 0.008869 seconds .

========================================================================
Received Import Request.
  Time since last request: 9.474794 seconds.
  path: Packages/com.unity.ide.visualstudio/Editor/Solution.cs
  artifactKey: Guid(af4c2c762e1d8e949a6bc458973df6e7) Importer(815301076,1909f56bfc062723c751e8b465ee728b)
Start importing Packages/com.unity.ide.visualstudio/Editor/Solution.cs using Guid(af4c2c762e1d8e949a6bc458973df6e7) Importer(815301076,1909f56bfc062723c751e8b465ee728b)  -> (artifact id: '68ab8d6dbac886d13a05bb97fee99876') in 0.008629 seconds
  Import took 0.012168 seconds .

========================================================================
Received Import Request.
  Time since last request: 243.142896 seconds.
  path: Packages/com.unity.ide.visualstudio/Editor/SolutionParser.cs
  artifactKey: Guid(fbbb1ee655846b043baf6c3502b5ce49) Importer(815301076,1909f56bfc062723c751e8b465ee728b)
Start importing Packages/com.unity.ide.visualstudio/Editor/SolutionParser.cs using Guid(fbbb1ee655846b043baf6c3502b5ce49) Importer(815301076,1909f56bfc062723c751e8b465ee728b)  -> (artifact id: '670bdb1c75baf8a21e0d2d5430e63670') in 0.006675 seconds
  Import took 0.009561 seconds .

========================================================================
Received Import Request.
  Time since last request: 5.287728 seconds.
  path: Packages/com.unity.ide.visualstudio/Editor/SolutionProjectEntry.cs
  artifactKey: Guid(5c1b8a755d2c97640bbb207c43f4cf61) Importer(815301076,1909f56bfc062723c751e8b465ee728b)
Start importing Packages/com.unity.ide.visualstudio/Editor/SolutionProjectEntry.cs using Guid(5c1b8a755d2c97640bbb207c43f4cf61) Importer(815301076,1909f56bfc062723c751e8b465ee728b)  -> (artifact id: '35c4f3ea9b05963e0852193749da205a') in 0.006740 seconds
  Import took 0.009611 seconds .

========================================================================
Received Import Request.
  Time since last request: 4.434390 seconds.
  path: Packages/com.unity.ide.visualstudio/Editor/SolutionProperties.cs
  artifactKey: Guid(829d4d6bc39fd1044ba4c5fc2a9c911f) Importer(815301076,1909f56bfc062723c751e8b465ee728b)
Start importing Packages/com.unity.ide.visualstudio/Editor/SolutionProperties.cs using Guid(829d4d6bc39fd1044ba4c5fc2a9c911f) Importer(815301076,1909f56bfc062723c751e8b465ee728b)  -> (artifact id: '8fcbadf89a13202e203d502a2b98e118') in 0.006886 seconds
  Import took 0.009952 seconds .

========================================================================
Received Import Request.
  Time since last request: 2.895078 seconds.
  path: Packages/com.unity.ide.visualstudio/Editor/Symbols.cs
  artifactKey: Guid(b9308b762484008498bb5cd1886aa491) Importer(815301076,1909f56bfc062723c751e8b465ee728b)
Start importing Packages/com.unity.ide.visualstudio/Editor/Symbols.cs using Guid(b9308b762484008498bb5cd1886aa491) Importer(815301076,1909f56bfc062723c751e8b465ee728b)  -> (artifact id: 'a1bcf0a990c79adc7a41ffcc074da0c6') in 0.006477 seconds
  Import took 0.009311 seconds .

========================================================================
Received Import Request.
  Time since last request: 3.348569 seconds.
  path: Packages/com.unity.ide.visualstudio/Editor/UnityInstallation.cs
  artifactKey: Guid(a8c76505bcc613640ade706bdb0f1cba) Importer(815301076,1909f56bfc062723c751e8b465ee728b)
Start importing Packages/com.unity.ide.visualstudio/Editor/UnityInstallation.cs using Guid(a8c76505bcc613640ade706bdb0f1cba) Importer(815301076,1909f56bfc062723c751e8b465ee728b)  -> (artifact id: '8207e283c5eeff8005e6cb60e68861b4') in 0.008333 seconds
  Import took 0.011137 seconds .

========================================================================
Received Import Request.
  Time since last request: 4.880172 seconds.
  path: Packages/com.unity.ide.visualstudio/Editor/UsageUtility.cs
  artifactKey: Guid(5a7aba2d3d458e04eb4210c0303fbf64) Importer(815301076,1909f56bfc062723c751e8b465ee728b)
Start importing Packages/com.unity.ide.visualstudio/Editor/UsageUtility.cs using Guid(5a7aba2d3d458e04eb4210c0303fbf64) Importer(815301076,1909f56bfc062723c751e8b465ee728b)  -> (artifact id: 'e058227fe4bf0f7e21a967e2eac731d0') in 0.006848 seconds
  Import took 0.009754 seconds .

========================================================================
Received Import Request.
  Time since last request: 3.641311 seconds.
  path: Packages/com.unity.ide.visualstudio/Editor/VersionPair.cs
  artifactKey: Guid(ffe1bdf971d321f4db593c4c6ebd6e47) Importer(815301076,1909f56bfc062723c751e8b465ee728b)
Start importing Packages/com.unity.ide.visualstudio/Editor/VersionPair.cs using Guid(ffe1bdf971d321f4db593c4c6ebd6e47) Importer(815301076,1909f56bfc062723c751e8b465ee728b)  -> (artifact id: 'af60417827eff3c83b59c34398228b72') in 0.006405 seconds
  Import took 0.009609 seconds .

========================================================================
Received Import Request.
  Time since last request: 2.462334 seconds.
  path: Packages/com.unity.ide.visualstudio/Editor/VisualStudioEditor.cs
  artifactKey: Guid(0173aff8c07e06b42af07ebdd7f08032) Importer(815301076,1909f56bfc062723c751e8b465ee728b)
Start importing Packages/com.unity.ide.visualstudio/Editor/VisualStudioEditor.cs using Guid(0173aff8c07e06b42af07ebdd7f08032) Importer(815301076,1909f56bfc062723c751e8b465ee728b)  -> (artifact id: '817a0f1a16c8b3cc40097a233582263d') in 0.006195 seconds
  Import took 0.009243 seconds .

========================================================================
Received Import Request.
  Time since last request: 0.000762 seconds.
  path: Packages/com.unity.ide.visualstudio/Editor/VisualStudioEditor.cs
  artifactKey: Guid(0173aff8c07e06b42af07ebdd7f08032) Importer(815301076,1909f56bfc062723c751e8b465ee728b)
Start importing Packages/com.unity.ide.visualstudio/Editor/VisualStudioEditor.cs using Guid(0173aff8c07e06b42af07ebdd7f08032) Importer(815301076,1909f56bfc062723c751e8b465ee728b)  -> (artifact id: '817a0f1a16c8b3cc40097a233582263d') in 0.002585 seconds
  Import took 0.005178 seconds .

========================================================================
Received Import Request.
  Time since last request: 156.753257 seconds.
  path: Packages/com.unity.ide.visualstudio/Editor/VisualStudioInstallation.cs
  artifactKey: Guid(bb86eea06f54fb24caa7046a8a764945) Importer(815301076,1909f56bfc062723c751e8b465ee728b)
Start importing Packages/com.unity.ide.visualstudio/Editor/VisualStudioInstallation.cs using Guid(bb86eea06f54fb24caa7046a8a764945) Importer(815301076,1909f56bfc062723c751e8b465ee728b)  -> (artifact id: 'b66a112c12473cf99fecdaddf5c1565c') in 0.006469 seconds
  Import took 0.009558 seconds .

========================================================================
Received Import Request.
  Time since last request: 4.932055 seconds.
  path: Packages/com.unity.ide.visualstudio/Editor/VisualStudioIntegration.cs
  artifactKey: Guid(48fcd6ebd5ce8fd4cbe931895233677d) Importer(815301076,1909f56bfc062723c751e8b465ee728b)
Start importing Packages/com.unity.ide.visualstudio/Editor/VisualStudioIntegration.cs using Guid(48fcd6ebd5ce8fd4cbe931895233677d) Importer(815301076,1909f56bfc062723c751e8b465ee728b)  -> (artifact id: 'c679dbe2065d313848fa184f16661978') in 0.007570 seconds
  Import took 0.010813 seconds .

========================================================================
Received Import Request.
  Time since last request: 4.749808 seconds.
  path: Packages/com.unity.ide.visualstudio/Editor/COMIntegration/Release
  artifactKey: Guid(41b2d972bdac29e4a89ef08b3b52c248) Importer(815301076,1909f56bfc062723c751e8b465ee728b)
Start importing Packages/com.unity.ide.visualstudio/Editor/COMIntegration/Release using Guid(41b2d972bdac29e4a89ef08b3b52c248) Importer(815301076,1909f56bfc062723c751e8b465ee728b)  -> (artifact id: 'be07df69a844ccb2929d0db2ca64d2d7') in 0.007330 seconds
  Import took 0.010150 seconds .

========================================================================
Received Import Request.
  Time since last request: 4.595281 seconds.
  path: Packages/com.unity.ide.visualstudio/Editor/Messaging/Message.cs
  artifactKey: Guid(de1c9ea7b82c9904d9e5fba2ee70a998) Importer(815301076,1909f56bfc062723c751e8b465ee728b)
Start importing Packages/com.unity.ide.visualstudio/Editor/Messaging/Message.cs using Guid(de1c9ea7b82c9904d9e5fba2ee70a998) Importer(815301076,1909f56bfc062723c751e8b465ee728b)  -> (artifact id: '9c3cade88a52d1a3ad755c71c078e874') in 0.006926 seconds
  Import took 0.010028 seconds .

========================================================================
Received Import Request.
  Time since last request: 0.000393 seconds.
  path: Packages/com.unity.ide.visualstudio/Editor/Messaging/Message.cs
  artifactKey: Guid(de1c9ea7b82c9904d9e5fba2ee70a998) Importer(815301076,1909f56bfc062723c751e8b465ee728b)
Start importing Packages/com.unity.ide.visualstudio/Editor/Messaging/Message.cs using Guid(de1c9ea7b82c9904d9e5fba2ee70a998) Importer(815301076,1909f56bfc062723c751e8b465ee728b)  -> (artifact id: '9c3cade88a52d1a3ad755c71c078e874') in 0.002590 seconds
  Import took 0.005071 seconds .

========================================================================
Received Import Request.
  Time since last request: 2.544147 seconds.
  path: Packages/com.unity.ide.visualstudio/Editor/Messaging/ExceptionEventArgs.cs
  artifactKey: Guid(917a51fff055ce547b4ad1215321f3da) Importer(815301076,1909f56bfc062723c751e8b465ee728b)
Start importing Packages/com.unity.ide.visualstudio/Editor/Messaging/ExceptionEventArgs.cs using Guid(917a51fff055ce547b4ad1215321f3da) Importer(815301076,1909f56bfc062723c751e8b465ee728b)  -> (artifact id: '4199ac02efea583182c415c7f52ae79d') in 0.006616 seconds
  Import took 0.010445 seconds .

========================================================================
Received Import Request.
  Time since last request: 0.000754 seconds.
  path: Packages/com.unity.ide.visualstudio/Editor/Messaging/ExceptionEventArgs.cs
  artifactKey: Guid(917a51fff055ce547b4ad1215321f3da) Importer(815301076,1909f56bfc062723c751e8b465ee728b)
Start importing Packages/com.unity.ide.visualstudio/Editor/Messaging/ExceptionEventArgs.cs using Guid(917a51fff055ce547b4ad1215321f3da) Importer(815301076,1909f56bfc062723c751e8b465ee728b)  -> (artifact id: '4199ac02efea583182c415c7f52ae79d') in 0.002679 seconds
  Import took 0.005405 seconds .

========================================================================
Received Import Request.
  Time since last request: 1.763757 seconds.
  path: Packages/com.unity.ide.visualstudio/Editor/Messaging/MessageEventArgs.cs
  artifactKey: Guid(275143c81d816ef4286fdc67aabc20c8) Importer(815301076,1909f56bfc062723c751e8b465ee728b)
Start importing Packages/com.unity.ide.visualstudio/Editor/Messaging/MessageEventArgs.cs using Guid(275143c81d816ef4286fdc67aabc20c8) Importer(815301076,1909f56bfc062723c751e8b465ee728b)  -> (artifact id: 'eea9277d157f8205226171807b70b9fb') in 0.006490 seconds
  Import took 0.009384 seconds .

========================================================================
Received Import Request.
  Time since last request: 0.001123 seconds.
  path: Packages/com.unity.ide.visualstudio/Editor/Messaging/MessageEventArgs.cs
  artifactKey: Guid(275143c81d816ef4286fdc67aabc20c8) Importer(815301076,1909f56bfc062723c751e8b465ee728b)
Start importing Packages/com.unity.ide.visualstudio/Editor/Messaging/MessageEventArgs.cs using Guid(275143c81d816ef4286fdc67aabc20c8) Importer(815301076,1909f56bfc062723c751e8b465ee728b)  -> (artifact id: 'eea9277d157f8205226171807b70b9fb') in 0.002741 seconds
  Import took 0.005157 seconds .

========================================================================
Received Import Request.
  Time since last request: 0.426662 seconds.
  path: Packages/com.unity.ide.visualstudio/Editor/Messaging/Messenger.cs
  artifactKey: Guid(5e249ae353801f043a6e4173410c6152) Importer(815301076,1909f56bfc062723c751e8b465ee728b)
Start importing Packages/com.unity.ide.visualstudio/Editor/Messaging/Messenger.cs using Guid(5e249ae353801f043a6e4173410c6152) Importer(815301076,1909f56bfc062723c751e8b465ee728b)  -> (artifact id: 'b38f786cdf174d36c5ca58f601efc143') in 0.007716 seconds
  Import took 0.010571 seconds .

========================================================================
Received Import Request.
  Time since last request: 1.815176 seconds.
  path: Packages/com.unity.ide.visualstudio/Editor/Messaging/MessageType.cs
  artifactKey: Guid(f3edbdc86577af648a23263aa75161e1) Importer(815301076,1909f56bfc062723c751e8b465ee728b)
Start importing Packages/com.unity.ide.visualstudio/Editor/Messaging/MessageType.cs using Guid(f3edbdc86577af648a23263aa75161e1) Importer(815301076,1909f56bfc062723c751e8b465ee728b)  -> (artifact id: '2efa14a16b11d70084119b079bca1839') in 0.006332 seconds
  Import took 0.009432 seconds .

========================================================================
Received Import Request.
  Time since last request: 0.001059 seconds.
  path: Packages/com.unity.ide.visualstudio/Editor/Messaging/MessageType.cs
  artifactKey: Guid(f3edbdc86577af648a23263aa75161e1) Importer(815301076,1909f56bfc062723c751e8b465ee728b)
Start importing Packages/com.unity.ide.visualstudio/Editor/Messaging/MessageType.cs using Guid(f3edbdc86577af648a23263aa75161e1) Importer(815301076,1909f56bfc062723c751e8b465ee728b)  -> (artifact id: '2efa14a16b11d70084119b079bca1839') in 0.002425 seconds
  Import took 0.004501 seconds .

========================================================================
Received Import Request.
  Time since last request: 4171.896761 seconds.
  path: Packages/com.unity.ide.visualstudio/Editor/ProjectGeneration/AssemblyNameProvider.cs
  artifactKey: Guid(57537f08f8e923f488e4aadabb831c9b) Importer(815301076,1909f56bfc062723c751e8b465ee728b)
Start importing Packages/com.unity.ide.visualstudio/Editor/ProjectGeneration/AssemblyNameProvider.cs using Guid(57537f08f8e923f488e4aadabb831c9b) Importer(815301076,1909f56bfc062723c751e8b465ee728b)  -> (artifact id: '5a8c1e861098031ad50853496cefaae6') in 0.007530 seconds
  Import took 0.010611 seconds .

========================================================================
Received Import Request.
  Time since last request: 12.179112 seconds.
  path: Packages/com.unity.ide.visualstudio/Editor/ProjectGeneration/FileIOProvider.cs
  artifactKey: Guid(ec80b1fb8938b3b4ab442d10390c5315) Importer(815301076,1909f56bfc062723c751e8b465ee728b)
Start importing Packages/com.unity.ide.visualstudio/Editor/ProjectGeneration/FileIOProvider.cs using Guid(ec80b1fb8938b3b4ab442d10390c5315) Importer(815301076,1909f56bfc062723c751e8b465ee728b)  -> (artifact id: '8d88653b06e94e71e71d33f3833d3f97') in 0.013194 seconds
  Import took 0.020943 seconds .

========================================================================
Received Prepare
Registering precompiled user dll's ...
Registered in 0.002560 seconds.
Begin MonoManager ReloadAssembly
Native extension for WindowsStandalone target not found
Refreshing native plugins compatible for Editor in 0.46 ms, found 1 plugins.
Preloading 0 native plugins for Editor in 0.00 ms.
Invoked RoslynAnalysisRunner static constructor.
RoslynAnalysisRunner will not be running.
RoslynAnalysisRunner has terminated.
Mono: successfully reloaded assembly
- Completed reload, in  0.725 seconds
Platform modules already initialized, skipping
Refreshing native plugins compatible for Editor in 0.42 ms, found 1 plugins.
Preloading 0 native plugins for Editor in 0.00 ms.
Unloading 1662 Unused Serialized files (Serialized files now loaded: 0)
System memory in use before: 84.6 MB.
System memory in use after: 84.8 MB.

Unloading 14 unused Assets to reduce memory usage. Loaded Objects now: 2208.
Total: 1.714800 ms (FindLiveObjects: 0.221100 ms CreateObjectMapping: 0.045100 ms MarkObjects: 1.429800 ms  DeleteObjects: 0.017700 ms)

========================================================================
Received Prepare
Registering precompiled user dll's ...
Registered in 0.002534 seconds.
Begin MonoManager ReloadAssembly
Native extension for WindowsStandalone target not found
Refreshing native plugins compatible for Editor in 0.46 ms, found 1 plugins.
Preloading 0 native plugins for Editor in 0.00 ms.
Invoked RoslynAnalysisRunner static constructor.
RoslynAnalysisRunner will not be running.
RoslynAnalysisRunner has terminated.
Mono: successfully reloaded assembly
- Completed reload, in  0.722 seconds
Platform modules already initialized, skipping
Refreshing native plugins compatible for Editor in 0.47 ms, found 1 plugins.
Preloading 0 native plugins for Editor in 0.00 ms.
Unloading 1662 Unused Serialized files (Serialized files now loaded: 0)
System memory in use before: 84.7 MB.
System memory in use after: 84.8 MB.

Unloading 14 unused Assets to reduce memory usage. Loaded Objects now: 2212.
Total: 1.749600 ms (FindLiveObjects: 0.221200 ms CreateObjectMapping: 0.043000 ms MarkObjects: 1.468200 ms  DeleteObjects: 0.016500 ms)

AssetImportWorkerClient::OnTransportError - code=2 error=End of file
